{"D:\\Yeni klasör (6)\\Desktop\\WEB\\Web Proglamlama II\\odev02\\src\\index.js": {"path":"D:\\Yeni klasör (6)\\Desktop\\WEB\\Web Proglamlama II\\odev02\\src\\index.js","statementMap":{"0":{"start":{"line":1,"column":0},"end":{"line":33,"column":2}},"1":{"start":{"line":2,"column":16},"end":{"line":6,"column":1}},"2":{"start":{"line":8,"column":12},"end":{"line":8,"column":47}},"3":{"start":{"line":10,"column":0},"end":{"line":17,"column":1}},"4":{"start":{"line":11,"column":0},"end":{"line":11,"column":46}},"5":{"start":{"line":13,"column":0},"end":{"line":13,"column":46}},"6":{"start":{"line":15,"column":0},"end":{"line":15,"column":46}},"7":{"start":{"line":17,"column":1},"end":{"line":24,"column":1}},"8":{"start":{"line":18,"column":0},"end":{"line":18,"column":46}},"9":{"start":{"line":20,"column":0},"end":{"line":20,"column":46}},"10":{"start":{"line":22,"column":0},"end":{"line":22,"column":46}},"11":{"start":{"line":25,"column":0},"end":{"line":32,"column":1}},"12":{"start":{"line":26,"column":0},"end":{"line":26,"column":46}},"13":{"start":{"line":28,"column":0},"end":{"line":28,"column":46}},"14":{"start":{"line":30,"column":0},"end":{"line":30,"column":46}},"15":{"start":{"line":35,"column":8},"end":{"line":35,"column":9}},"16":{"start":{"line":37,"column":9},"end":{"line":37,"column":15}},"17":{"start":{"line":38,"column":2},"end":{"line":64,"column":4}},"18":{"start":{"line":39,"column":4},"end":{"line":39,"column":63}},"19":{"start":{"line":40,"column":13},"end":{"line":40,"column":48}},"20":{"start":{"line":41,"column":12},"end":{"line":41,"column":60}},"21":{"start":{"line":42,"column":12},"end":{"line":42,"column":60}},"22":{"start":{"line":43,"column":4},"end":{"line":63,"column":3}},"23":{"start":{"line":44,"column":13},"end":{"line":44,"column":122}},"24":{"start":{"line":45,"column":0},"end":{"line":45,"column":47}},"25":{"start":{"line":46,"column":0},"end":{"line":46,"column":59}},"26":{"start":{"line":47,"column":0},"end":{"line":47,"column":59}},"27":{"start":{"line":49,"column":4},"end":{"line":49,"column":14}},"28":{"start":{"line":50,"column":4},"end":{"line":62,"column":5}},"29":{"start":{"line":51,"column":15},"end":{"line":51,"column":111}},"30":{"start":{"line":52,"column":0},"end":{"line":52,"column":47}},"31":{"start":{"line":53,"column":0},"end":{"line":57,"column":1}},"32":{"start":{"line":54,"column":0},"end":{"line":54,"column":59}},"33":{"start":{"line":55,"column":6},"end":{"line":57,"column":1}},"34":{"start":{"line":56,"column":0},"end":{"line":56,"column":59}},"35":{"start":{"line":60,"column":17},"end":{"line":60,"column":43}},"36":{"start":{"line":61,"column":0},"end":{"line":61,"column":47}},"37":{"start":{"line":65,"column":3},"end":{"line":92,"column":3}},"38":{"start":{"line":67,"column":13},"end":{"line":67,"column":48}},"39":{"start":{"line":68,"column":13},"end":{"line":68,"column":61}},"40":{"start":{"line":69,"column":12},"end":{"line":69,"column":60}},"41":{"start":{"line":70,"column":4},"end":{"line":70,"column":63}},"42":{"start":{"line":71,"column":4},"end":{"line":90,"column":3}},"43":{"start":{"line":72,"column":13},"end":{"line":72,"column":122}},"44":{"start":{"line":73,"column":0},"end":{"line":73,"column":47}},"45":{"start":{"line":74,"column":0},"end":{"line":74,"column":59}},"46":{"start":{"line":75,"column":0},"end":{"line":75,"column":59}},"47":{"start":{"line":77,"column":4},"end":{"line":77,"column":14}},"48":{"start":{"line":78,"column":4},"end":{"line":89,"column":5}},"49":{"start":{"line":79,"column":15},"end":{"line":79,"column":111}},"50":{"start":{"line":80,"column":0},"end":{"line":80,"column":47}},"51":{"start":{"line":81,"column":0},"end":{"line":85,"column":1}},"52":{"start":{"line":82,"column":0},"end":{"line":82,"column":59}},"53":{"start":{"line":83,"column":6},"end":{"line":85,"column":1}},"54":{"start":{"line":84,"column":0},"end":{"line":84,"column":59}},"55":{"start":{"line":87,"column":17},"end":{"line":87,"column":43}},"56":{"start":{"line":88,"column":0},"end":{"line":88,"column":47}},"57":{"start":{"line":92,"column":4},"end":{"line":119,"column":3}},"58":{"start":{"line":94,"column":13},"end":{"line":94,"column":48}},"59":{"start":{"line":95,"column":13},"end":{"line":95,"column":61}},"60":{"start":{"line":96,"column":13},"end":{"line":96,"column":61}},"61":{"start":{"line":97,"column":4},"end":{"line":97,"column":63}},"62":{"start":{"line":98,"column":4},"end":{"line":118,"column":3}},"63":{"start":{"line":99,"column":13},"end":{"line":99,"column":122}},"64":{"start":{"line":100,"column":0},"end":{"line":100,"column":47}},"65":{"start":{"line":101,"column":0},"end":{"line":101,"column":59}},"66":{"start":{"line":102,"column":0},"end":{"line":102,"column":59}},"67":{"start":{"line":104,"column":4},"end":{"line":104,"column":14}},"68":{"start":{"line":105,"column":4},"end":{"line":117,"column":5}},"69":{"start":{"line":106,"column":15},"end":{"line":106,"column":111}},"70":{"start":{"line":107,"column":0},"end":{"line":107,"column":47}},"71":{"start":{"line":108,"column":0},"end":{"line":112,"column":1}},"72":{"start":{"line":109,"column":0},"end":{"line":109,"column":59}},"73":{"start":{"line":110,"column":6},"end":{"line":112,"column":1}},"74":{"start":{"line":111,"column":0},"end":{"line":111,"column":59}},"75":{"start":{"line":115,"column":17},"end":{"line":115,"column":43}},"76":{"start":{"line":116,"column":0},"end":{"line":116,"column":47}}},"fnMap":{"0":{"name":"(anonymous_0)","decl":{"start":{"line":1,"column":16},"end":{"line":1,"column":17}},"loc":{"start":{"line":1,"column":28},"end":{"line":33,"column":1}},"line":1},"1":{"name":"Card","decl":{"start":{"line":36,"column":16},"end":{"line":36,"column":20}},"loc":{"start":{"line":36,"column":25},"end":{"line":120,"column":1}},"line":36}},"branchMap":{"0":{"loc":{"start":{"line":10,"column":0},"end":{"line":17,"column":1}},"type":"if","locations":[{"start":{"line":10,"column":0},"end":{"line":17,"column":1}},{"start":{"line":10,"column":0},"end":{"line":17,"column":1}}],"line":10},"1":{"loc":{"start":{"line":17,"column":1},"end":{"line":24,"column":1}},"type":"if","locations":[{"start":{"line":17,"column":1},"end":{"line":24,"column":1}},{"start":{"line":17,"column":1},"end":{"line":24,"column":1}}],"line":17},"2":{"loc":{"start":{"line":25,"column":0},"end":{"line":32,"column":1}},"type":"if","locations":[{"start":{"line":25,"column":0},"end":{"line":32,"column":1}},{"start":{"line":25,"column":0},"end":{"line":32,"column":1}}],"line":25},"3":{"loc":{"start":{"line":38,"column":2},"end":{"line":64,"column":4}},"type":"if","locations":[{"start":{"line":38,"column":2},"end":{"line":64,"column":4}},{"start":{"line":38,"column":2},"end":{"line":64,"column":4}}],"line":38},"4":{"loc":{"start":{"line":43,"column":4},"end":{"line":63,"column":3}},"type":"if","locations":[{"start":{"line":43,"column":4},"end":{"line":63,"column":3}},{"start":{"line":43,"column":4},"end":{"line":63,"column":3}}],"line":43},"5":{"loc":{"start":{"line":50,"column":4},"end":{"line":62,"column":5}},"type":"if","locations":[{"start":{"line":50,"column":4},"end":{"line":62,"column":5}},{"start":{"line":50,"column":4},"end":{"line":62,"column":5}}],"line":50},"6":{"loc":{"start":{"line":53,"column":0},"end":{"line":57,"column":1}},"type":"if","locations":[{"start":{"line":53,"column":0},"end":{"line":57,"column":1}},{"start":{"line":53,"column":0},"end":{"line":57,"column":1}}],"line":53},"7":{"loc":{"start":{"line":55,"column":6},"end":{"line":57,"column":1}},"type":"if","locations":[{"start":{"line":55,"column":6},"end":{"line":57,"column":1}},{"start":{"line":55,"column":6},"end":{"line":57,"column":1}}],"line":55},"8":{"loc":{"start":{"line":65,"column":3},"end":{"line":92,"column":3}},"type":"if","locations":[{"start":{"line":65,"column":3},"end":{"line":92,"column":3}},{"start":{"line":65,"column":3},"end":{"line":92,"column":3}}],"line":65},"9":{"loc":{"start":{"line":71,"column":4},"end":{"line":90,"column":3}},"type":"if","locations":[{"start":{"line":71,"column":4},"end":{"line":90,"column":3}},{"start":{"line":71,"column":4},"end":{"line":90,"column":3}}],"line":71},"10":{"loc":{"start":{"line":78,"column":4},"end":{"line":89,"column":5}},"type":"if","locations":[{"start":{"line":78,"column":4},"end":{"line":89,"column":5}},{"start":{"line":78,"column":4},"end":{"line":89,"column":5}}],"line":78},"11":{"loc":{"start":{"line":81,"column":0},"end":{"line":85,"column":1}},"type":"if","locations":[{"start":{"line":81,"column":0},"end":{"line":85,"column":1}},{"start":{"line":81,"column":0},"end":{"line":85,"column":1}}],"line":81},"12":{"loc":{"start":{"line":83,"column":6},"end":{"line":85,"column":1}},"type":"if","locations":[{"start":{"line":83,"column":6},"end":{"line":85,"column":1}},{"start":{"line":83,"column":6},"end":{"line":85,"column":1}}],"line":83},"13":{"loc":{"start":{"line":92,"column":4},"end":{"line":119,"column":3}},"type":"if","locations":[{"start":{"line":92,"column":4},"end":{"line":119,"column":3}},{"start":{"line":92,"column":4},"end":{"line":119,"column":3}}],"line":92},"14":{"loc":{"start":{"line":98,"column":4},"end":{"line":118,"column":3}},"type":"if","locations":[{"start":{"line":98,"column":4},"end":{"line":118,"column":3}},{"start":{"line":98,"column":4},"end":{"line":118,"column":3}}],"line":98},"15":{"loc":{"start":{"line":105,"column":4},"end":{"line":117,"column":5}},"type":"if","locations":[{"start":{"line":105,"column":4},"end":{"line":117,"column":5}},{"start":{"line":105,"column":4},"end":{"line":117,"column":5}}],"line":105},"16":{"loc":{"start":{"line":108,"column":0},"end":{"line":112,"column":1}},"type":"if","locations":[{"start":{"line":108,"column":0},"end":{"line":112,"column":1}},{"start":{"line":108,"column":0},"end":{"line":112,"column":1}}],"line":108},"17":{"loc":{"start":{"line":110,"column":6},"end":{"line":112,"column":1}},"type":"if","locations":[{"start":{"line":110,"column":6},"end":{"line":112,"column":1}},{"start":{"line":110,"column":6},"end":{"line":112,"column":1}}],"line":110}},"s":{"0":1,"1":0,"2":0,"3":0,"4":0,"5":0,"6":0,"7":0,"8":0,"9":0,"10":0,"11":0,"12":0,"13":0,"14":0,"15":1,"16":0,"17":0,"18":0,"19":0,"20":0,"21":0,"22":0,"23":0,"24":0,"25":0,"26":0,"27":0,"28":0,"29":0,"30":0,"31":0,"32":0,"33":0,"34":0,"35":0,"36":0,"37":0,"38":0,"39":0,"40":0,"41":0,"42":0,"43":0,"44":0,"45":0,"46":0,"47":0,"48":0,"49":0,"50":0,"51":0,"52":0,"53":0,"54":0,"55":0,"56":0,"57":0,"58":0,"59":0,"60":0,"61":0,"62":0,"63":0,"64":0,"65":0,"66":0,"67":0,"68":0,"69":0,"70":0,"71":0,"72":0,"73":0,"74":0,"75":0,"76":0},"f":{"0":0,"1":0},"b":{"0":[0,0],"1":[0,0],"2":[0,0],"3":[0,0],"4":[0,0],"5":[0,0],"6":[0,0],"7":[0,0],"8":[0,0],"9":[0,0],"10":[0,0],"11":[0,0],"12":[0,0],"13":[0,0],"14":[0,0],"15":[0,0],"16":[0,0],"17":[0,0]},"_coverageSchema":"1a1c01bbd47fc00a2c39e90264f33305004495a9","hash":"ac4e9a8fe251f92ce9586d80b5f4c6ed847182ef"}
}
