TN:
SF:src\index.js
FN:1,(anonymous_0)
FN:36,Card
FNF:2
FNH:0
FNDA:0,(anonymous_0)
FNDA:0,Card
DA:1,1
DA:2,0
DA:8,0
DA:10,0
DA:11,0
DA:13,0
DA:15,0
DA:17,0
DA:18,0
DA:20,0
DA:22,0
DA:25,0
DA:26,0
DA:28,0
DA:30,0
DA:35,1
DA:37,0
DA:38,0
DA:39,0
DA:40,0
DA:41,0
DA:42,0
DA:43,0
DA:44,0
DA:45,0
DA:46,0
DA:47,0
DA:49,0
DA:50,0
DA:51,0
DA:52,0
DA:53,0
DA:54,0
DA:55,0
DA:56,0
DA:60,0
DA:61,0
DA:65,0
DA:67,0
DA:68,0
DA:69,0
DA:70,0
DA:71,0
DA:72,0
DA:73,0
DA:74,0
DA:75,0
DA:77,0
DA:78,0
DA:79,0
DA:80,0
DA:81,0
DA:82,0
DA:83,0
DA:84,0
DA:87,0
DA:88,0
DA:92,0
DA:94,0
DA:95,0
DA:96,0
DA:97,0
DA:98,0
DA:99,0
DA:100,0
DA:101,0
DA:102,0
DA:104,0
DA:105,0
DA:106,0
DA:107,0
DA:108,0
DA:109,0
DA:110,0
DA:111,0
DA:115,0
DA:116,0
LF:77
LH:2
BRDA:10,0,0,0
BRDA:10,0,1,0
BRDA:17,1,0,0
BRDA:17,1,1,0
BRDA:25,2,0,0
BRDA:25,2,1,0
BRDA:38,3,0,0
BRDA:38,3,1,0
BRDA:43,4,0,0
BRDA:43,4,1,0
BRDA:50,5,0,0
BRDA:50,5,1,0
BRDA:53,6,0,0
BRDA:53,6,1,0
BRDA:55,7,0,0
BRDA:55,7,1,0
BRDA:65,8,0,0
BRDA:65,8,1,0
BRDA:71,9,0,0
BRDA:71,9,1,0
BRDA:78,10,0,0
BRDA:78,10,1,0
BRDA:81,11,0,0
BRDA:81,11,1,0
BRDA:83,12,0,0
BRDA:83,12,1,0
BRDA:92,13,0,0
BRDA:92,13,1,0
BRDA:98,14,0,0
BRDA:98,14,1,0
BRDA:105,15,0,0
BRDA:105,15,1,0
BRDA:108,16,0,0
BRDA:108,16,1,0
BRDA:110,17,0,0
BRDA:110,17,1,0
BRF:36
BRH:0
end_of_record
