{"D:\\Yeni klasör (6)\\Desktop\\WEB\\Web Proglamlama II\\odev04\\src\\card.js": {"path":"D:\\Yeni klasör (6)\\Desktop\\WEB\\Web Proglamlama II\\odev04\\src\\card.js","statementMap":{"0":{"start":{"line":1,"column":8},"end":{"line":1,"column":9}},"1":{"start":{"line":2,"column":19},"end":{"line":86,"column":4}},"2":{"start":{"line":3,"column":11},"end":{"line":3,"column":24}},"3":{"start":{"line":4,"column":4},"end":{"line":30,"column":6}},"4":{"start":{"line":5,"column":6},"end":{"line":5,"column":65}},"5":{"start":{"line":6,"column":15},"end":{"line":6,"column":50}},"6":{"start":{"line":7,"column":14},"end":{"line":7,"column":62}},"7":{"start":{"line":8,"column":14},"end":{"line":8,"column":62}},"8":{"start":{"line":9,"column":6},"end":{"line":29,"column":5}},"9":{"start":{"line":10,"column":15},"end":{"line":10,"column":124}},"10":{"start":{"line":11,"column":2},"end":{"line":11,"column":49}},"11":{"start":{"line":12,"column":2},"end":{"line":12,"column":61}},"12":{"start":{"line":13,"column":2},"end":{"line":13,"column":61}},"13":{"start":{"line":15,"column":4},"end":{"line":15,"column":14}},"14":{"start":{"line":16,"column":6},"end":{"line":28,"column":7}},"15":{"start":{"line":17,"column":17},"end":{"line":17,"column":113}},"16":{"start":{"line":18,"column":2},"end":{"line":18,"column":49}},"17":{"start":{"line":19,"column":2},"end":{"line":23,"column":3}},"18":{"start":{"line":20,"column":2},"end":{"line":20,"column":61}},"19":{"start":{"line":21,"column":8},"end":{"line":23,"column":3}},"20":{"start":{"line":22,"column":2},"end":{"line":22,"column":61}},"21":{"start":{"line":26,"column":19},"end":{"line":26,"column":45}},"22":{"start":{"line":27,"column":2},"end":{"line":27,"column":49}},"23":{"start":{"line":31,"column":5},"end":{"line":58,"column":5}},"24":{"start":{"line":33,"column":15},"end":{"line":33,"column":50}},"25":{"start":{"line":34,"column":15},"end":{"line":34,"column":63}},"26":{"start":{"line":35,"column":14},"end":{"line":35,"column":62}},"27":{"start":{"line":36,"column":6},"end":{"line":36,"column":65}},"28":{"start":{"line":37,"column":6},"end":{"line":56,"column":5}},"29":{"start":{"line":38,"column":15},"end":{"line":38,"column":124}},"30":{"start":{"line":39,"column":2},"end":{"line":39,"column":49}},"31":{"start":{"line":40,"column":2},"end":{"line":40,"column":61}},"32":{"start":{"line":41,"column":2},"end":{"line":41,"column":61}},"33":{"start":{"line":43,"column":6},"end":{"line":43,"column":16}},"34":{"start":{"line":44,"column":6},"end":{"line":55,"column":7}},"35":{"start":{"line":45,"column":17},"end":{"line":45,"column":113}},"36":{"start":{"line":46,"column":2},"end":{"line":46,"column":49}},"37":{"start":{"line":47,"column":2},"end":{"line":51,"column":3}},"38":{"start":{"line":48,"column":2},"end":{"line":48,"column":61}},"39":{"start":{"line":49,"column":8},"end":{"line":51,"column":3}},"40":{"start":{"line":50,"column":2},"end":{"line":50,"column":61}},"41":{"start":{"line":53,"column":19},"end":{"line":53,"column":45}},"42":{"start":{"line":54,"column":2},"end":{"line":54,"column":49}},"43":{"start":{"line":58,"column":6},"end":{"line":85,"column":5}},"44":{"start":{"line":60,"column":15},"end":{"line":60,"column":50}},"45":{"start":{"line":61,"column":15},"end":{"line":61,"column":63}},"46":{"start":{"line":62,"column":15},"end":{"line":62,"column":63}},"47":{"start":{"line":63,"column":6},"end":{"line":63,"column":65}},"48":{"start":{"line":64,"column":6},"end":{"line":84,"column":5}},"49":{"start":{"line":65,"column":15},"end":{"line":65,"column":124}},"50":{"start":{"line":66,"column":2},"end":{"line":66,"column":49}},"51":{"start":{"line":67,"column":2},"end":{"line":67,"column":61}},"52":{"start":{"line":68,"column":2},"end":{"line":68,"column":61}},"53":{"start":{"line":70,"column":6},"end":{"line":70,"column":16}},"54":{"start":{"line":71,"column":6},"end":{"line":83,"column":7}},"55":{"start":{"line":72,"column":17},"end":{"line":72,"column":113}},"56":{"start":{"line":73,"column":2},"end":{"line":73,"column":49}},"57":{"start":{"line":74,"column":2},"end":{"line":78,"column":3}},"58":{"start":{"line":75,"column":2},"end":{"line":75,"column":61}},"59":{"start":{"line":76,"column":8},"end":{"line":78,"column":3}},"60":{"start":{"line":77,"column":2},"end":{"line":77,"column":61}},"61":{"start":{"line":81,"column":19},"end":{"line":81,"column":45}},"62":{"start":{"line":82,"column":2},"end":{"line":82,"column":49}}},"fnMap":{"0":{"name":"(anonymous_0)","decl":{"start":{"line":2,"column":19},"end":{"line":2,"column":20}},"loc":{"start":{"line":2,"column":26},"end":{"line":86,"column":4}},"line":2}},"branchMap":{"0":{"loc":{"start":{"line":4,"column":4},"end":{"line":30,"column":6}},"type":"if","locations":[{"start":{"line":4,"column":4},"end":{"line":30,"column":6}},{"start":{"line":4,"column":4},"end":{"line":30,"column":6}}],"line":4},"1":{"loc":{"start":{"line":9,"column":6},"end":{"line":29,"column":5}},"type":"if","locations":[{"start":{"line":9,"column":6},"end":{"line":29,"column":5}},{"start":{"line":9,"column":6},"end":{"line":29,"column":5}}],"line":9},"2":{"loc":{"start":{"line":16,"column":6},"end":{"line":28,"column":7}},"type":"if","locations":[{"start":{"line":16,"column":6},"end":{"line":28,"column":7}},{"start":{"line":16,"column":6},"end":{"line":28,"column":7}}],"line":16},"3":{"loc":{"start":{"line":19,"column":2},"end":{"line":23,"column":3}},"type":"if","locations":[{"start":{"line":19,"column":2},"end":{"line":23,"column":3}},{"start":{"line":19,"column":2},"end":{"line":23,"column":3}}],"line":19},"4":{"loc":{"start":{"line":21,"column":8},"end":{"line":23,"column":3}},"type":"if","locations":[{"start":{"line":21,"column":8},"end":{"line":23,"column":3}},{"start":{"line":21,"column":8},"end":{"line":23,"column":3}}],"line":21},"5":{"loc":{"start":{"line":31,"column":5},"end":{"line":58,"column":5}},"type":"if","locations":[{"start":{"line":31,"column":5},"end":{"line":58,"column":5}},{"start":{"line":31,"column":5},"end":{"line":58,"column":5}}],"line":31},"6":{"loc":{"start":{"line":37,"column":6},"end":{"line":56,"column":5}},"type":"if","locations":[{"start":{"line":37,"column":6},"end":{"line":56,"column":5}},{"start":{"line":37,"column":6},"end":{"line":56,"column":5}}],"line":37},"7":{"loc":{"start":{"line":44,"column":6},"end":{"line":55,"column":7}},"type":"if","locations":[{"start":{"line":44,"column":6},"end":{"line":55,"column":7}},{"start":{"line":44,"column":6},"end":{"line":55,"column":7}}],"line":44},"8":{"loc":{"start":{"line":47,"column":2},"end":{"line":51,"column":3}},"type":"if","locations":[{"start":{"line":47,"column":2},"end":{"line":51,"column":3}},{"start":{"line":47,"column":2},"end":{"line":51,"column":3}}],"line":47},"9":{"loc":{"start":{"line":49,"column":8},"end":{"line":51,"column":3}},"type":"if","locations":[{"start":{"line":49,"column":8},"end":{"line":51,"column":3}},{"start":{"line":49,"column":8},"end":{"line":51,"column":3}}],"line":49},"10":{"loc":{"start":{"line":58,"column":6},"end":{"line":85,"column":5}},"type":"if","locations":[{"start":{"line":58,"column":6},"end":{"line":85,"column":5}},{"start":{"line":58,"column":6},"end":{"line":85,"column":5}}],"line":58},"11":{"loc":{"start":{"line":64,"column":6},"end":{"line":84,"column":5}},"type":"if","locations":[{"start":{"line":64,"column":6},"end":{"line":84,"column":5}},{"start":{"line":64,"column":6},"end":{"line":84,"column":5}}],"line":64},"12":{"loc":{"start":{"line":71,"column":6},"end":{"line":83,"column":7}},"type":"if","locations":[{"start":{"line":71,"column":6},"end":{"line":83,"column":7}},{"start":{"line":71,"column":6},"end":{"line":83,"column":7}}],"line":71},"13":{"loc":{"start":{"line":74,"column":2},"end":{"line":78,"column":3}},"type":"if","locations":[{"start":{"line":74,"column":2},"end":{"line":78,"column":3}},{"start":{"line":74,"column":2},"end":{"line":78,"column":3}}],"line":74},"14":{"loc":{"start":{"line":76,"column":8},"end":{"line":78,"column":3}},"type":"if","locations":[{"start":{"line":76,"column":8},"end":{"line":78,"column":3}},{"start":{"line":76,"column":8},"end":{"line":78,"column":3}}],"line":76}},"s":{"0":1,"1":1,"2":0,"3":0,"4":0,"5":0,"6":0,"7":0,"8":0,"9":0,"10":0,"11":0,"12":0,"13":0,"14":0,"15":0,"16":0,"17":0,"18":0,"19":0,"20":0,"21":0,"22":0,"23":0,"24":0,"25":0,"26":0,"27":0,"28":0,"29":0,"30":0,"31":0,"32":0,"33":0,"34":0,"35":0,"36":0,"37":0,"38":0,"39":0,"40":0,"41":0,"42":0,"43":0,"44":0,"45":0,"46":0,"47":0,"48":0,"49":0,"50":0,"51":0,"52":0,"53":0,"54":0,"55":0,"56":0,"57":0,"58":0,"59":0,"60":0,"61":0,"62":0},"f":{"0":0},"b":{"0":[0,0],"1":[0,0],"2":[0,0],"3":[0,0],"4":[0,0],"5":[0,0],"6":[0,0],"7":[0,0],"8":[0,0],"9":[0,0],"10":[0,0],"11":[0,0],"12":[0,0],"13":[0,0],"14":[0,0]},"_coverageSchema":"1a1c01bbd47fc00a2c39e90264f33305004495a9","hash":"8afbe9e319f71fd596e68f7ca024c0298c5532bd"}
,"D:\\Yeni klasör (6)\\Desktop\\WEB\\Web Proglamlama II\\odev04\\src\\game.jsx": {"path":"D:\\Yeni klasör (6)\\Desktop\\WEB\\Web Proglamlama II\\odev04\\src\\game.jsx","statementMap":{"0":{"start":{"line":6,"column":8},"end":{"line":6,"column":21}},"1":{"start":{"line":7,"column":8},"end":{"line":9,"column":9}},"2":{"start":{"line":12,"column":8},"end":{"line":23,"column":10}}},"fnMap":{"0":{"name":"(anonymous_0)","decl":{"start":{"line":5,"column":4},"end":{"line":5,"column":5}},"loc":{"start":{"line":5,"column":23},"end":{"line":10,"column":9}},"line":5},"1":{"name":"(anonymous_1)","decl":{"start":{"line":11,"column":4},"end":{"line":11,"column":5}},"loc":{"start":{"line":11,"column":12},"end":{"line":24,"column":5}},"line":11}},"branchMap":{},"s":{"0":5,"1":5,"2":5},"f":{"0":5,"1":5},"b":{},"_coverageSchema":"1a1c01bbd47fc00a2c39e90264f33305004495a9","hash":"d64ea41485f06f9943ac46db214bef6396c1ca63"}
,"D:\\Yeni klasör (6)\\Desktop\\WEB\\Web Proglamlama II\\odev04\\src\\index.jsx": {"path":"D:\\Yeni klasör (6)\\Desktop\\WEB\\Web Proglamlama II\\odev04\\src\\index.jsx","statementMap":{"0":{"start":{"line":8,"column":4},"end":{"line":8,"column":17}},"1":{"start":{"line":9,"column":4},"end":{"line":11,"column":5}},"2":{"start":{"line":15,"column":6},"end":{"line":47,"column":5}},"3":{"start":{"line":17,"column":18},"end":{"line":21,"column":9}},"4":{"start":{"line":23,"column":18},"end":{"line":23,"column":53}},"5":{"start":{"line":25,"column":8},"end":{"line":32,"column":9}},"6":{"start":{"line":26,"column":8},"end":{"line":26,"column":54}},"7":{"start":{"line":28,"column":8},"end":{"line":28,"column":54}},"8":{"start":{"line":30,"column":8},"end":{"line":30,"column":54}},"9":{"start":{"line":32,"column":9},"end":{"line":39,"column":9}},"10":{"start":{"line":33,"column":8},"end":{"line":33,"column":54}},"11":{"start":{"line":35,"column":8},"end":{"line":35,"column":54}},"12":{"start":{"line":37,"column":8},"end":{"line":37,"column":54}},"13":{"start":{"line":40,"column":8},"end":{"line":46,"column":9}},"14":{"start":{"line":41,"column":8},"end":{"line":41,"column":54}},"15":{"start":{"line":43,"column":8},"end":{"line":43,"column":54}},"16":{"start":{"line":45,"column":8},"end":{"line":45,"column":54}},"17":{"start":{"line":50,"column":0},"end":{"line":53,"column":1}},"18":{"start":{"line":57,"column":0},"end":{"line":57,"column":57}}},"fnMap":{"0":{"name":"(anonymous_0)","decl":{"start":{"line":7,"column":2},"end":{"line":7,"column":3}},"loc":{"start":{"line":7,"column":21},"end":{"line":12,"column":5}},"line":7},"1":{"name":"(anonymous_1)","decl":{"start":{"line":13,"column":4},"end":{"line":13,"column":5}},"loc":{"start":{"line":13,"column":25},"end":{"line":48,"column":3}},"line":13},"2":{"name":"(anonymous_2)","decl":{"start":{"line":15,"column":20},"end":{"line":15,"column":21}},"loc":{"start":{"line":15,"column":30},"end":{"line":47,"column":5}},"line":15},"3":{"name":"(anonymous_3)","decl":{"start":{"line":49,"column":1},"end":{"line":49,"column":2}},"loc":{"start":{"line":49,"column":9},"end":{"line":55,"column":2}},"line":49}},"branchMap":{"0":{"loc":{"start":{"line":25,"column":8},"end":{"line":32,"column":9}},"type":"if","locations":[{"start":{"line":25,"column":8},"end":{"line":32,"column":9}},{"start":{"line":25,"column":8},"end":{"line":32,"column":9}}],"line":25},"1":{"loc":{"start":{"line":32,"column":9},"end":{"line":39,"column":9}},"type":"if","locations":[{"start":{"line":32,"column":9},"end":{"line":39,"column":9}},{"start":{"line":32,"column":9},"end":{"line":39,"column":9}}],"line":32},"2":{"loc":{"start":{"line":40,"column":8},"end":{"line":46,"column":9}},"type":"if","locations":[{"start":{"line":40,"column":8},"end":{"line":46,"column":9}},{"start":{"line":40,"column":8},"end":{"line":46,"column":9}}],"line":40}},"s":{"0":0,"1":0,"2":0,"3":0,"4":0,"5":0,"6":0,"7":0,"8":0,"9":0,"10":0,"11":0,"12":0,"13":0,"14":0,"15":0,"16":0,"17":0,"18":0},"f":{"0":0,"1":0,"2":0,"3":0},"b":{"0":[0,0],"1":[0,0],"2":[0,0]}}
}
